<?xml version="1.0" encoding="UTF-8"?>
<testsuites name="Checkout_E2E" time="80.746" tests="6" failures="0" errors="0">
   <testsuite name="Checkout_E2E" tests="6" failures="0" errors="0" time="80.746" skipped="0" timestamp="2024-09-16 22:47:23" hostname="muhra - MRasyid" id="Test Suites/E2E/Checkout_E2E">
      <properties>
[...]
</properties>
      <testcase name="Test Cases/Login_Page/Positive_Case/Login" time="18.299" classname="Test Cases/Login_Page/Positive_Case/Login" status="PASSED">
         <system-out><![CDATA[2024-09-16 22:47:24 - [TEST_CASE][PASSED] - Test Cases/Login_Page/Positive_Case/Login: Test Cases/Login_Page/Positive_Case/Login

2024-09-16 22:47:24 - [TEST_STEP][PASSED] - openBrowser(loginUrl): Browser is opened with url: 'https://www.saucedemo.com/'

2024-09-16 22:47:25 - [MESSAGE][INFO] - Starting 'Chrome' driver

2024-09-16 22:47:25 - [MESSAGE][INFO] - Action delay is set to 0 milliseconds

2024-09-16 22:47:30 - [MESSAGE][PASSED] - Browser is opened with url: 'https://www.saucedemo.com/'

2024-09-16 22:47:30 - [TEST_STEP][PASSED] - maximizeWindow(): Current window maximized

2024-09-16 22:47:31 - [MESSAGE][PASSED] - Current window maximized

2024-09-16 22:47:31 - [TEST_STEP][PASSED] - verifyElementVisible(findTestObject("Global_Header/Label_Title")): Object 'Object Repository/Global_Header/Label_Title' is visible

2024-09-16 22:47:32 - [MESSAGE][PASSED] - Object 'Object Repository/Global_Header/Label_Title' is visible

2024-09-16 22:47:32 - [TEST_STEP][PASSED] - verifyElementVisible(findTestObject("Login_Page/TextArea_Username")): Object 'Object Repository/Login_Page/TextArea_Username' is visible

2024-09-16 22:47:33 - [MESSAGE][PASSED] - Object 'Object Repository/Login_Page/TextArea_Username' is visible

2024-09-16 22:47:33 - [TEST_STEP][PASSED] - verifyElementVisible(findTestObject("Login_Page/TextArea_Password")): Object 'Object Repository/Login_Page/TextArea_Password' is visible

2024-09-16 22:47:33 - [MESSAGE][PASSED] - Object 'Object Repository/Login_Page/TextArea_Password' is visible

2024-09-16 22:47:33 - [TEST_STEP][PASSED] - verifyElementVisible(findTestObject("Login_Page/Button_Login")): Object 'Object Repository/Login_Page/Button_Login' is visible

2024-09-16 22:47:34 - [MESSAGE][PASSED] - Object 'Object Repository/Login_Page/Button_Login' is visible

2024-09-16 22:47:34 - [TEST_STEP][PASSED] - takeScreenshot(): Taking screenshot successfully

2024-09-16 22:47:34 - [MESSAGE][PASSED] - Taking screenshot successfully
[[ATTACHMENT|C:\\Users\\muhra\\git\\ProjectSauceDemo\\Reports\\20240916_224708\\E2E\\Checkout_E2E\\20240916_224709\\1726501654497.png]]

2024-09-16 22:47:34 - [TEST_STEP][PASSED] - setText(findTestObject("Login_Page/TextArea_Username"), userName): Text 'standard_user' is set on object 'Object Repository/Login_Page/TextArea_Username'

2024-09-16 22:47:35 - [MESSAGE][PASSED] - Text 'standard_user' is set on object 'Object Repository/Login_Page/TextArea_Username'

2024-09-16 22:47:35 - [TEST_STEP][PASSED] - username = getAttribute(findTestObject("Login_Page/TextArea_Username"), "value"): Attribute 'value' of object 'Object Repository/Login_Page/TextArea_Username' is: 'standard_user'

2024-09-16 22:47:35 - [MESSAGE][PASSED] - Attribute 'value' of object 'Object Repository/Login_Page/TextArea_Username' is: 'standard_user'

2024-09-16 22:47:35 - [TEST_STEP][PASSED] - takeScreenshot(): Taking screenshot successfully

2024-09-16 22:47:36 - [MESSAGE][PASSED] - Taking screenshot successfully
[[ATTACHMENT|C:\\Users\\muhra\\git\\ProjectSauceDemo\\Reports\\20240916_224708\\E2E\\Checkout_E2E\\20240916_224709\\1726501656208.png]]

2024-09-16 22:47:36 - [TEST_STEP][PASSED] - pass = setText(findTestObject("Login_Page/TextArea_Password"), password): Text 'secret_sauce' is set on object 'Object Repository/Login_Page/TextArea_Password'

2024-09-16 22:47:37 - [MESSAGE][PASSED] - Text 'secret_sauce' is set on object 'Object Repository/Login_Page/TextArea_Password'

2024-09-16 22:47:37 - [TEST_STEP][PASSED] - getAttribute(findTestObject("Login_Page/TextArea_Password"), "value"): Attribute 'value' of object 'Object Repository/Login_Page/TextArea_Password' is: 'secret_sauce'

2024-09-16 22:47:37 - [MESSAGE][PASSED] - Attribute 'value' of object 'Object Repository/Login_Page/TextArea_Password' is: 'secret_sauce'

2024-09-16 22:47:37 - [TEST_STEP][PASSED] - takeScreenshot(): Taking screenshot successfully

2024-09-16 22:47:37 - [MESSAGE][PASSED] - Taking screenshot successfully
[[ATTACHMENT|C:\\Users\\muhra\\git\\ProjectSauceDemo\\Reports\\20240916_224708\\E2E\\Checkout_E2E\\20240916_224709\\1726501657777.png]]

2024-09-16 22:47:37 - [TEST_STEP][PASSED] - verifyElementClickable(findTestObject("Login_Page/Button_Login")): Object 'Object Repository/Login_Page/Button_Login' is clickable

2024-09-16 22:47:38 - [MESSAGE][PASSED] - Object 'Object Repository/Login_Page/Button_Login' is clickable

2024-09-16 22:47:38 - [TEST_STEP][PASSED] - click(findTestObject("Login_Page/Button_Login")): Object: 'Object Repository/Login_Page/Button_Login' is clicked on

2024-09-16 22:47:39 - [MESSAGE][PASSED] - Object: 'Object Repository/Login_Page/Button_Login' is clicked on

2024-09-16 22:47:39 - [TEST_STEP][PASSED] - verifyElementVisible(findTestObject("Product_Page/Label_TitleProducts")): Object 'Object Repository/Product_Page/Label_TitleProducts' is visible

2024-09-16 22:47:39 - [MESSAGE][PASSED] - Object 'Object Repository/Product_Page/Label_TitleProducts' is visible

2024-09-16 22:47:39 - [TEST_STEP][PASSED] - takeScreenshot(): Taking screenshot successfully

2024-09-16 22:47:40 - [MESSAGE][PASSED] - Taking screenshot successfully
[[ATTACHMENT|C:\\Users\\muhra\\git\\ProjectSauceDemo\\Reports\\20240916_224708\\E2E\\Checkout_E2E\\20240916_224709\\1726501659995.png]]

2024-09-16 22:47:42 - [TEST_STEP][PASSED] - Video: Video recording for test case 'Test Cases/Login_Page/Positive_Case/Login' .

2024-09-16 22:47:42 - [MESSAGE][INFO] - Video recording for test case 'Test Cases/Login_Page/Positive_Case/Login' .]]></system-out>
         <system-err><![CDATA[]]></system-err>
      </testcase>
      <testcase name="Test Cases/Product_Page/Positive_Case/AddToCart_Products" time="18.741" classname="Test Cases/Product_Page/Positive_Case/AddToCart_Products" status="PASSED">
         <system-out><![CDATA[2024-09-16 22:47:42 - [TEST_CASE][PASSED] - Test Cases/Product_Page/Positive_Case/AddToCart_Products: Test Cases/Product_Page/Positive_Case/AddToCart_Products

2024-09-16 22:47:43 - [TEST_STEP][PASSED] - verifyElementVisible(findTestObject("Global_Header/Label_Title")): Object 'Object Repository/Global_Header/Label_Title' is visible

2024-09-16 22:47:44 - [MESSAGE][PASSED] - Object 'Object Repository/Global_Header/Label_Title' is visible

2024-09-16 22:47:44 - [TEST_STEP][PASSED] - verifyElementVisible(findTestObject("Global_Header/Button_Cart")): Object 'Object Repository/Global_Header/Button_Cart' is visible

2024-09-16 22:47:45 - [MESSAGE][PASSED] - Object 'Object Repository/Global_Header/Button_Cart' is visible

2024-09-16 22:47:45 - [TEST_STEP][PASSED] - verifyElementClickable(findTestObject("Global_Header/Button_Cart")): Object 'Object Repository/Global_Header/Button_Cart' is clickable

2024-09-16 22:47:45 - [MESSAGE][PASSED] - Object 'Object Repository/Global_Header/Button_Cart' is clickable

2024-09-16 22:47:45 - [TEST_STEP][PASSED] - verifyElementVisible(findTestObject("Global_Header/Button_BurgerMenu")): Object 'Object Repository/Global_Header/Button_BurgerMenu' is visible

2024-09-16 22:47:45 - [MESSAGE][PASSED] - Object 'Object Repository/Global_Header/Button_BurgerMenu' is visible

2024-09-16 22:47:45 - [TEST_STEP][PASSED] - verifyElementClickable(findTestObject("Global_Header/Button_BurgerMenu")): Object 'Object Repository/Global_Header/Button_BurgerMenu' is clickable

2024-09-16 22:47:46 - [MESSAGE][PASSED] - Object 'Object Repository/Global_Header/Button_BurgerMenu' is clickable

2024-09-16 22:47:46 - [TEST_STEP][PASSED] - product.verifyproduct.verifyProductName(): product.verifyproduct.verifyProductName is PASSED

2024-09-16 22:47:48 - [MESSAGE][PASSED] - Text of object 'Object Repository/Product_Page/Label_ProductsName' is: 'Sauce Labs Backpack'

2024-09-16 22:47:48 - [MESSAGE][INFO] - Product name match: Sauce Labs Backpack

2024-09-16 22:47:48 - [MESSAGE][PASSED] - Text of object 'Object Repository/Product_Page/Label_ProductsName' is: 'Sauce Labs Bike Light'

2024-09-16 22:47:48 - [MESSAGE][INFO] - Product name match: Sauce Labs Bike Light

2024-09-16 22:47:49 - [MESSAGE][PASSED] - Text of object 'Object Repository/Product_Page/Label_ProductsName' is: 'Sauce Labs Bolt T-Shirt'

2024-09-16 22:47:49 - [MESSAGE][INFO] - Product name match: Sauce Labs Bolt T-Shirt

2024-09-16 22:47:49 - [MESSAGE][PASSED] - Text of object 'Object Repository/Product_Page/Label_ProductsName' is: 'Sauce Labs Fleece Jacket'

2024-09-16 22:47:49 - [MESSAGE][INFO] - Product name match: Sauce Labs Fleece Jacket

2024-09-16 22:47:50 - [MESSAGE][PASSED] - Text of object 'Object Repository/Product_Page/Label_ProductsName' is: 'Sauce Labs Onesie'

2024-09-16 22:47:50 - [MESSAGE][INFO] - Product name match: Sauce Labs Onesie

2024-09-16 22:47:50 - [MESSAGE][PASSED] - Text of object 'Object Repository/Product_Page/Label_ProductsName' is: 'Test.allTheThings() T-Shirt (Red)'

2024-09-16 22:47:50 - [MESSAGE][INFO] - Product name match: Test.allTheThings() T-Shirt (Red)

2024-09-16 22:47:50 - [MESSAGE][PASSED] - product.verifyproduct.verifyProductName is PASSED

2024-09-16 22:47:50 - [TEST_STEP][PASSED] - takeScreenshot(): Taking screenshot successfully

2024-09-16 22:47:50 - [MESSAGE][PASSED] - Taking screenshot successfully
[[ATTACHMENT|C:\\Users\\muhra\\git\\ProjectSauceDemo\\Reports\\20240916_224708\\E2E\\Checkout_E2E\\20240916_224709\\1726501670716.png]]

2024-09-16 22:47:50 - [TEST_STEP][PASSED] - verifyElementVisible(findTestObject("Product_Page/Button_AddToCart_Sauce Labs Backpack")): Object 'Object Repository/Product_Page/Button_AddToCart_Sauce Labs Backpack' is visible

2024-09-16 22:47:51 - [MESSAGE][PASSED] - Object 'Object Repository/Product_Page/Button_AddToCart_Sauce Labs Backpack' is visible

2024-09-16 22:47:51 - [TEST_STEP][PASSED] - verifyElementClickable(findTestObject("Product_Page/Button_AddToCart_Sauce Labs Backpack")): Object 'Object Repository/Product_Page/Button_AddToCart_Sauce Labs Backpack' is clickable

2024-09-16 22:47:51 - [MESSAGE][PASSED] - Object 'Object Repository/Product_Page/Button_AddToCart_Sauce Labs Backpack' is clickable

2024-09-16 22:47:51 - [TEST_STEP][PASSED] - click(findTestObject("Product_Page/Button_AddToCart_Sauce Labs Backpack")): Object: 'Object Repository/Product_Page/Button_AddToCart_Sauce Labs Backpack' is clicked on

2024-09-16 22:47:52 - [MESSAGE][PASSED] - Object: 'Object Repository/Product_Page/Button_AddToCart_Sauce Labs Backpack' is clicked on

2024-09-16 22:47:52 - [TEST_STEP][PASSED] - verifyElementVisible(findTestObject("Product_Page/Button_Remove_Sauce Labs Backpack")): Object 'Object Repository/Product_Page/Button_Remove_Sauce Labs Backpack' is visible

2024-09-16 22:47:52 - [MESSAGE][PASSED] - Object 'Object Repository/Product_Page/Button_Remove_Sauce Labs Backpack' is visible

2024-09-16 22:47:52 - [TEST_STEP][PASSED] - verifyElementClickable(findTestObject("Product_Page/Button_Remove_Sauce Labs Backpack")): Object 'Object Repository/Product_Page/Button_Remove_Sauce Labs Backpack' is clickable

2024-09-16 22:47:53 - [MESSAGE][PASSED] - Object 'Object Repository/Product_Page/Button_Remove_Sauce Labs Backpack' is clickable

2024-09-16 22:47:53 - [TEST_STEP][PASSED] - takeScreenshot(): Taking screenshot successfully

2024-09-16 22:47:53 - [MESSAGE][PASSED] - Taking screenshot successfully
[[ATTACHMENT|C:\\Users\\muhra\\git\\ProjectSauceDemo\\Reports\\20240916_224708\\E2E\\Checkout_E2E\\20240916_224709\\1726501673437.png]]

2024-09-16 22:47:53 - [TEST_STEP][PASSED] - verifyElementVisible(findTestObject("Product_Page/Button_AddToCart_Sauce Labs Bike Light")): Object 'Object Repository/Product_Page/Button_AddToCart_Sauce Labs Bike Light' is visible

2024-09-16 22:47:54 - [MESSAGE][PASSED] - Object 'Object Repository/Product_Page/Button_AddToCart_Sauce Labs Bike Light' is visible

2024-09-16 22:47:54 - [TEST_STEP][PASSED] - verifyElementClickable(findTestObject("Product_Page/Button_AddToCart_Sauce Labs Bike Light")): Object 'Object Repository/Product_Page/Button_AddToCart_Sauce Labs Bike Light' is clickable

2024-09-16 22:47:54 - [MESSAGE][PASSED] - Object 'Object Repository/Product_Page/Button_AddToCart_Sauce Labs Bike Light' is clickable

2024-09-16 22:47:54 - [TEST_STEP][PASSED] - click(findTestObject("Product_Page/Button_AddToCart_Sauce Labs Bike Light")): Object: 'Object Repository/Product_Page/Button_AddToCart_Sauce Labs Bike Light' is clicked on

2024-09-16 22:47:54 - [MESSAGE][PASSED] - Object: 'Object Repository/Product_Page/Button_AddToCart_Sauce Labs Bike Light' is clicked on

2024-09-16 22:47:54 - [TEST_STEP][PASSED] - verifyElementVisible(findTestObject("Product_Page/Button_Remove_Sauce Labs Bike Light")): Object 'Object Repository/Product_Page/Button_Remove_Sauce Labs Bike Light' is visible

2024-09-16 22:47:55 - [MESSAGE][PASSED] - Object 'Object Repository/Product_Page/Button_Remove_Sauce Labs Bike Light' is visible

2024-09-16 22:47:55 - [TEST_STEP][PASSED] - verifyElementClickable(findTestObject("Product_Page/Button_Remove_Sauce Labs Bike Light")): Object 'Object Repository/Product_Page/Button_Remove_Sauce Labs Bike Light' is clickable

2024-09-16 22:47:55 - [MESSAGE][PASSED] - Object 'Object Repository/Product_Page/Button_Remove_Sauce Labs Bike Light' is clickable

2024-09-16 22:47:55 - [TEST_STEP][PASSED] - takeScreenshot(): Taking screenshot successfully

2024-09-16 22:47:56 - [MESSAGE][PASSED] - Taking screenshot successfully
[[ATTACHMENT|C:\\Users\\muhra\\git\\ProjectSauceDemo\\Reports\\20240916_224708\\E2E\\Checkout_E2E\\20240916_224709\\1726501676071.png]]

2024-09-16 22:47:56 - [TEST_STEP][PASSED] - verifyElementVisible(findTestObject("Product_Page/Button_AddToCart_Sauce Labs Bolt T-Shirt")): Object 'Object Repository/Product_Page/Button_AddToCart_Sauce Labs Bolt T-Shirt' is visible

2024-09-16 22:47:56 - [MESSAGE][PASSED] - Object 'Object Repository/Product_Page/Button_AddToCart_Sauce Labs Bolt T-Shirt' is visible

2024-09-16 22:47:56 - [TEST_STEP][PASSED] - verifyElementClickable(findTestObject("Product_Page/Button_AddToCart_Sauce Labs Bolt T-Shirt")): Object 'Object Repository/Product_Page/Button_AddToCart_Sauce Labs Bolt T-Shirt' is clickable

2024-09-16 22:47:57 - [MESSAGE][PASSED] - Object 'Object Repository/Product_Page/Button_AddToCart_Sauce Labs Bolt T-Shirt' is clickable

2024-09-16 22:47:57 - [TEST_STEP][PASSED] - click(findTestObject("Product_Page/Button_AddToCart_Sauce Labs Bolt T-Shirt")): Object: 'Object Repository/Product_Page/Button_AddToCart_Sauce Labs Bolt T-Shirt' is clicked on

2024-09-16 22:47:57 - [MESSAGE][PASSED] - Object: 'Object Repository/Product_Page/Button_AddToCart_Sauce Labs Bolt T-Shirt' is clicked on

2024-09-16 22:47:57 - [TEST_STEP][PASSED] - verifyElementVisible(findTestObject("Product_Page/Button_Remove_Sauce Labs Bolt T-Shirt")): Object 'Object Repository/Product_Page/Button_Remove_Sauce Labs Bolt T-Shirt' is visible

2024-09-16 22:47:58 - [MESSAGE][PASSED] - Object 'Object Repository/Product_Page/Button_Remove_Sauce Labs Bolt T-Shirt' is visible

2024-09-16 22:47:58 - [TEST_STEP][PASSED] - verifyElementClickable(findTestObject("Product_Page/Button_Remove_Sauce Labs Bolt T-Shirt")): Object 'Object Repository/Product_Page/Button_Remove_Sauce Labs Bolt T-Shirt' is clickable

2024-09-16 22:47:58 - [MESSAGE][PASSED] - Object 'Object Repository/Product_Page/Button_Remove_Sauce Labs Bolt T-Shirt' is clickable

2024-09-16 22:47:58 - [TEST_STEP][PASSED] - takeScreenshot(): Taking screenshot successfully

2024-09-16 22:47:58 - [MESSAGE][PASSED] - Taking screenshot successfully
[[ATTACHMENT|C:\\Users\\muhra\\git\\ProjectSauceDemo\\Reports\\20240916_224708\\E2E\\Checkout_E2E\\20240916_224709\\1726501678756.png]]

2024-09-16 22:48:01 - [TEST_STEP][PASSED] - Video: Video recording for test case 'Test Cases/Product_Page/Positive_Case/AddToCart_Products' .

2024-09-16 22:48:01 - [MESSAGE][INFO] - Video recording for test case 'Test Cases/Product_Page/Positive_Case/AddToCart_Products' .]]></system-out>
         <system-err><![CDATA[]]></system-err>
      </testcase>
      <testcase name="Test Cases/Cart_Page/Positive_Case/ProductCart" time="10.938" classname="Test Cases/Cart_Page/Positive_Case/ProductCart" status="PASSED">
         <system-out><![CDATA[2024-09-16 22:48:01 - [TEST_CASE][PASSED] - Test Cases/Cart_Page/Positive_Case/ProductCart: Test Cases/Cart_Page/Positive_Case/ProductCart

2024-09-16 22:48:01 - [TEST_STEP][PASSED] - verifyElementVisible(findTestObject("Global_Header/Label_Title")): Object 'Object Repository/Global_Header/Label_Title' is visible

2024-09-16 22:48:02 - [MESSAGE][PASSED] - Object 'Object Repository/Global_Header/Label_Title' is visible

2024-09-16 22:48:02 - [TEST_STEP][PASSED] - verifyElementVisible(findTestObject("Global_Header/Button_Cart")): Object 'Object Repository/Global_Header/Button_Cart' is visible

2024-09-16 22:48:02 - [MESSAGE][PASSED] - Object 'Object Repository/Global_Header/Button_Cart' is visible

2024-09-16 22:48:02 - [TEST_STEP][PASSED] - verifyElementClickable(findTestObject("Global_Header/Button_Cart")): Object 'Object Repository/Global_Header/Button_Cart' is clickable

2024-09-16 22:48:02 - [MESSAGE][PASSED] - Object 'Object Repository/Global_Header/Button_Cart' is clickable

2024-09-16 22:48:02 - [TEST_STEP][PASSED] - verifyElementVisible(findTestObject("Global_Header/Button_BurgerMenu")): Object 'Object Repository/Global_Header/Button_BurgerMenu' is visible

2024-09-16 22:48:03 - [MESSAGE][PASSED] - Object 'Object Repository/Global_Header/Button_BurgerMenu' is visible

2024-09-16 22:48:03 - [TEST_STEP][PASSED] - verifyElementClickable(findTestObject("Global_Header/Button_BurgerMenu")): Object 'Object Repository/Global_Header/Button_BurgerMenu' is clickable

2024-09-16 22:48:03 - [MESSAGE][PASSED] - Object 'Object Repository/Global_Header/Button_BurgerMenu' is clickable

2024-09-16 22:48:03 - [TEST_STEP][PASSED] - verifyElementVisible(findTestObject("Global_Header/Button_Cart")): Object 'Object Repository/Global_Header/Button_Cart' is visible

2024-09-16 22:48:03 - [MESSAGE][PASSED] - Object 'Object Repository/Global_Header/Button_Cart' is visible

2024-09-16 22:48:03 - [TEST_STEP][PASSED] - verifyElementClickable(findTestObject("Global_Header/Button_Cart")): Object 'Object Repository/Global_Header/Button_Cart' is clickable

2024-09-16 22:48:06 - [MESSAGE][PASSED] - Object 'Object Repository/Global_Header/Button_Cart' is clickable

2024-09-16 22:48:06 - [TEST_STEP][PASSED] - click(findTestObject("Global_Header/Button_Cart")): Object: 'Object Repository/Global_Header/Button_Cart' is clicked on

2024-09-16 22:48:06 - [MESSAGE][PASSED] - Object: 'Object Repository/Global_Header/Button_Cart' is clicked on

2024-09-16 22:48:06 - [TEST_STEP][PASSED] - takeScreenshot(): Taking screenshot successfully

2024-09-16 22:48:07 - [MESSAGE][PASSED] - Taking screenshot successfully
[[ATTACHMENT|C:\\Users\\muhra\\git\\ProjectSauceDemo\\Reports\\20240916_224708\\E2E\\Checkout_E2E\\20240916_224709\\1726501686986.png]]

2024-09-16 22:48:07 - [TEST_STEP][PASSED] - product.verifyproduct.verifyProductCountCart(): product.verifyproduct.verifyProductCountCart is PASSED

2024-09-16 22:48:07 - [MESSAGE][PASSED] - Text of object 'Object Repository/Global_Header/Label_ProductCountCART' is: '3'

2024-09-16 22:48:07 - [MESSAGE][PASSED] - Text of object 'Object Repository/Cart_Page/Label_ProductInCart' is: 'Sauce Labs Backpack'

2024-09-16 22:48:07 - [MESSAGE][INFO] - nama produk: Sauce Labs Backpackjumlah produk: 3

2024-09-16 22:48:08 - [MESSAGE][PASSED] - Text of object 'Object Repository/Cart_Page/Label_ProductInCart' is: 'Sauce Labs Bike Light'

2024-09-16 22:48:08 - [MESSAGE][INFO] - nama produk: Sauce Labs Bike Lightjumlah produk: 3

2024-09-16 22:48:08 - [MESSAGE][PASSED] - Text of object 'Object Repository/Cart_Page/Label_ProductInCart' is: 'Sauce Labs Bolt T-Shirt'

2024-09-16 22:48:08 - [MESSAGE][INFO] - nama produk: Sauce Labs Bolt T-Shirtjumlah produk: 3

2024-09-16 22:48:08 - [MESSAGE][INFO] - Product Quantity Match3

2024-09-16 22:48:08 - [MESSAGE][PASSED] - product.verifyproduct.verifyProductCountCart is PASSED

2024-09-16 22:48:08 - [TEST_STEP][PASSED] - verifyElementVisible(findTestObject("Cart_Page/Button_Checkout")): Object 'Object Repository/Cart_Page/Button_Checkout' is visible

2024-09-16 22:48:09 - [MESSAGE][PASSED] - Object 'Object Repository/Cart_Page/Button_Checkout' is visible

2024-09-16 22:48:09 - [TEST_STEP][PASSED] - verifyElementClickable(findTestObject("Cart_Page/Button_Checkout")): Object 'Object Repository/Cart_Page/Button_Checkout' is clickable

2024-09-16 22:48:09 - [MESSAGE][PASSED] - Object 'Object Repository/Cart_Page/Button_Checkout' is clickable

2024-09-16 22:48:09 - [TEST_STEP][PASSED] - click(findTestObject("Cart_Page/Button_Checkout")): Object: 'Object Repository/Cart_Page/Button_Checkout' is clicked on

2024-09-16 22:48:09 - [MESSAGE][PASSED] - Object: 'Object Repository/Cart_Page/Button_Checkout' is clicked on

2024-09-16 22:48:12 - [TEST_STEP][PASSED] - Video: Video recording for test case 'Test Cases/Cart_Page/Positive_Case/ProductCart' .

2024-09-16 22:48:12 - [MESSAGE][INFO] - Video recording for test case 'Test Cases/Cart_Page/Positive_Case/ProductCart' .]]></system-out>
         <system-err><![CDATA[]]></system-err>
      </testcase>
      <testcase name="Test Cases/YourInformation_Page/Positive_Case/InputData_YourInformation" time="12.076" classname="Test Cases/YourInformation_Page/Positive_Case/InputData_YourInformation" status="PASSED">
         <system-out><![CDATA[2024-09-16 22:48:12 - [TEST_CASE][PASSED] - Test Cases/YourInformation_Page/Positive_Case/InputData_YourInformation: Test Cases/YourInformation_Page/Positive_Case/InputData_YourInformation

2024-09-16 22:48:12 - [TEST_STEP][PASSED] - verifyElementVisible(findTestObject("Global_Header/Label_Title")): Object 'Object Repository/Global_Header/Label_Title' is visible

2024-09-16 22:48:12 - [MESSAGE][PASSED] - Object 'Object Repository/Global_Header/Label_Title' is visible

2024-09-16 22:48:12 - [TEST_STEP][PASSED] - verifyElementVisible(findTestObject("Global_Header/Button_Cart")): Object 'Object Repository/Global_Header/Button_Cart' is visible

2024-09-16 22:48:13 - [MESSAGE][PASSED] - Object 'Object Repository/Global_Header/Button_Cart' is visible

2024-09-16 22:48:13 - [TEST_STEP][PASSED] - verifyElementClickable(findTestObject("Global_Header/Button_Cart")): Object 'Object Repository/Global_Header/Button_Cart' is clickable

2024-09-16 22:48:13 - [MESSAGE][PASSED] - Object 'Object Repository/Global_Header/Button_Cart' is clickable

2024-09-16 22:48:13 - [TEST_STEP][PASSED] - verifyElementVisible(findTestObject("Global_Header/Button_BurgerMenu")): Object 'Object Repository/Global_Header/Button_BurgerMenu' is visible

2024-09-16 22:48:14 - [MESSAGE][PASSED] - Object 'Object Repository/Global_Header/Button_BurgerMenu' is visible

2024-09-16 22:48:14 - [TEST_STEP][PASSED] - verifyElementClickable(findTestObject("Global_Header/Button_BurgerMenu")): Object 'Object Repository/Global_Header/Button_BurgerMenu' is clickable

2024-09-16 22:48:14 - [MESSAGE][PASSED] - Object 'Object Repository/Global_Header/Button_BurgerMenu' is clickable

2024-09-16 22:48:14 - [TEST_STEP][PASSED] - verifyElementVisible(findTestObject("YourInformation_Page/Label_Checkout Your Information")): Object 'Object Repository/YourInformation_Page/Label_Checkout Your Information' is visible

2024-09-16 22:48:14 - [MESSAGE][PASSED] - Object 'Object Repository/YourInformation_Page/Label_Checkout Your Information' is visible

2024-09-16 22:48:14 - [TEST_STEP][PASSED] - verifyElementVisible(findTestObject("YourInformation_Page/TextArea_FirstName")): Object 'Object Repository/YourInformation_Page/TextArea_FirstName' is visible

2024-09-16 22:48:15 - [MESSAGE][PASSED] - Object 'Object Repository/YourInformation_Page/TextArea_FirstName' is visible

2024-09-16 22:48:15 - [TEST_STEP][PASSED] - setText(findTestObject("YourInformation_Page/TextArea_FirstName"), firstName): Text 'Muhammad' is set on object 'Object Repository/YourInformation_Page/TextArea_FirstName'

2024-09-16 22:48:15 - [MESSAGE][PASSED] - Text 'Muhammad' is set on object 'Object Repository/YourInformation_Page/TextArea_FirstName'

2024-09-16 22:48:15 - [TEST_STEP][PASSED] - namapertama = getAttribute(findTestObject("YourInformation_Page/TextArea_FirstName"), "value"): Attribute 'value' of object 'Object Repository/YourInformation_Page/TextArea_FirstName' is: 'Muhammad'

2024-09-16 22:48:16 - [MESSAGE][PASSED] - Attribute 'value' of object 'Object Repository/YourInformation_Page/TextArea_FirstName' is: 'Muhammad'

2024-09-16 22:48:16 - [TEST_STEP][PASSED] - println(namapertama): null

2024-09-16 22:48:16 - [TEST_STEP][PASSED] - takeScreenshot(): Taking screenshot successfully

2024-09-16 22:48:16 - [MESSAGE][PASSED] - Taking screenshot successfully
[[ATTACHMENT|C:\\Users\\muhra\\git\\ProjectSauceDemo\\Reports\\20240916_224708\\E2E\\Checkout_E2E\\20240916_224709\\1726501696617.png]]

2024-09-16 22:48:16 - [TEST_STEP][PASSED] - verifyElementVisible(findTestObject("YourInformation_Page/TextArea_LastName")): Object 'Object Repository/YourInformation_Page/TextArea_LastName' is visible

2024-09-16 22:48:17 - [MESSAGE][PASSED] - Object 'Object Repository/YourInformation_Page/TextArea_LastName' is visible

2024-09-16 22:48:17 - [TEST_STEP][PASSED] - setText(findTestObject("YourInformation_Page/TextArea_LastName"), lastName): Text 'Rasyid' is set on object 'Object Repository/YourInformation_Page/TextArea_LastName'

2024-09-16 22:48:17 - [MESSAGE][PASSED] - Text 'Rasyid' is set on object 'Object Repository/YourInformation_Page/TextArea_LastName'

2024-09-16 22:48:17 - [TEST_STEP][PASSED] - namaterakhir = getAttribute(findTestObject("YourInformation_Page/TextArea_LastName"), "value"): Attribute 'value' of object 'Object Repository/YourInformation_Page/TextArea_LastName' is: 'Rasyid'

2024-09-16 22:48:18 - [MESSAGE][PASSED] - Attribute 'value' of object 'Object Repository/YourInformation_Page/TextArea_LastName' is: 'Rasyid'

2024-09-16 22:48:18 - [TEST_STEP][PASSED] - println(namaterakhir): null

2024-09-16 22:48:18 - [TEST_STEP][PASSED] - takeScreenshot(): Taking screenshot successfully

2024-09-16 22:48:18 - [MESSAGE][PASSED] - Taking screenshot successfully
[[ATTACHMENT|C:\\Users\\muhra\\git\\ProjectSauceDemo\\Reports\\20240916_224708\\E2E\\Checkout_E2E\\20240916_224709\\1726501698640.png]]

2024-09-16 22:48:18 - [TEST_STEP][PASSED] - verifyElementVisible(findTestObject("YourInformation_Page/TextArea_PostalCode")): Object 'Object Repository/YourInformation_Page/TextArea_PostalCode' is visible

2024-09-16 22:48:19 - [MESSAGE][PASSED] - Object 'Object Repository/YourInformation_Page/TextArea_PostalCode' is visible

2024-09-16 22:48:19 - [TEST_STEP][PASSED] - setText(findTestObject("YourInformation_Page/TextArea_PostalCode"), postalCode): Text '12760' is set on object 'Object Repository/YourInformation_Page/TextArea_PostalCode'

2024-09-16 22:48:19 - [MESSAGE][PASSED] - Text '12760' is set on object 'Object Repository/YourInformation_Page/TextArea_PostalCode'

2024-09-16 22:48:19 - [TEST_STEP][PASSED] - postalcode = getAttribute(findTestObject("YourInformation_Page/TextArea_PostalCode"), "value"): Attribute 'value' of object 'Object Repository/YourInformation_Page/TextArea_PostalCode' is: '12760'

2024-09-16 22:48:20 - [MESSAGE][PASSED] - Attribute 'value' of object 'Object Repository/YourInformation_Page/TextArea_PostalCode' is: '12760'

2024-09-16 22:48:20 - [TEST_STEP][PASSED] - println(postalcode): null

2024-09-16 22:48:20 - [TEST_STEP][PASSED] - takeScreenshot(): Taking screenshot successfully

2024-09-16 22:48:20 - [MESSAGE][PASSED] - Taking screenshot successfully
[[ATTACHMENT|C:\\Users\\muhra\\git\\ProjectSauceDemo\\Reports\\20240916_224708\\E2E\\Checkout_E2E\\20240916_224709\\1726501700692.png]]

2024-09-16 22:48:20 - [TEST_STEP][PASSED] - verifyElementVisible(findTestObject("YourInformation_Page/Button_Continue")): Object 'Object Repository/YourInformation_Page/Button_Continue' is visible

2024-09-16 22:48:21 - [MESSAGE][PASSED] - Object 'Object Repository/YourInformation_Page/Button_Continue' is visible

2024-09-16 22:48:21 - [TEST_STEP][PASSED] - verifyElementClickable(findTestObject("YourInformation_Page/Button_Continue")): Object 'Object Repository/YourInformation_Page/Button_Continue' is clickable

2024-09-16 22:48:21 - [MESSAGE][PASSED] - Object 'Object Repository/YourInformation_Page/Button_Continue' is clickable

2024-09-16 22:48:21 - [TEST_STEP][PASSED] - click(findTestObject("YourInformation_Page/Button_Continue")): Object: 'Object Repository/YourInformation_Page/Button_Continue' is clicked on

2024-09-16 22:48:22 - [MESSAGE][PASSED] - Object: 'Object Repository/YourInformation_Page/Button_Continue' is clicked on

2024-09-16 22:48:24 - [TEST_STEP][PASSED] - Video: Video recording for test case 'Test Cases/YourInformation_Page/Positive_Case/InputData_YourInformation' .

2024-09-16 22:48:24 - [MESSAGE][INFO] - Video recording for test case 'Test Cases/YourInformation_Page/Positive_Case/InputData_YourInformation' .]]></system-out>
         <system-err><![CDATA[]]></system-err>
      </testcase>
      <testcase name="Test Cases/Checkout_Overview_Page/Positive_Case/Checkout_Product" time="12.983" classname="Test Cases/Checkout_Overview_Page/Positive_Case/Checkout_Product" status="PASSED">
         <system-out><![CDATA[2024-09-16 22:48:24 - [TEST_CASE][PASSED] - Test Cases/Checkout_Overview_Page/Positive_Case/Checkout_Product: Test Cases/Checkout_Overview_Page/Positive_Case/Checkout_Product

2024-09-16 22:48:24 - [TEST_STEP][PASSED] - verifyElementVisible(findTestObject("Global_Header/Label_Title")): Object 'Object Repository/Global_Header/Label_Title' is visible

2024-09-16 22:48:25 - [MESSAGE][PASSED] - Object 'Object Repository/Global_Header/Label_Title' is visible

2024-09-16 22:48:25 - [TEST_STEP][PASSED] - verifyElementVisible(findTestObject("Global_Header/Button_Cart")): Object 'Object Repository/Global_Header/Button_Cart' is visible

2024-09-16 22:48:25 - [MESSAGE][PASSED] - Object 'Object Repository/Global_Header/Button_Cart' is visible

2024-09-16 22:48:25 - [TEST_STEP][PASSED] - verifyElementClickable(findTestObject("Global_Header/Button_Cart")): Object 'Object Repository/Global_Header/Button_Cart' is clickable

2024-09-16 22:48:26 - [MESSAGE][PASSED] - Object 'Object Repository/Global_Header/Button_Cart' is clickable

2024-09-16 22:48:26 - [TEST_STEP][PASSED] - verifyElementVisible(findTestObject("Global_Header/Button_BurgerMenu")): Object 'Object Repository/Global_Header/Button_BurgerMenu' is visible

2024-09-16 22:48:26 - [MESSAGE][PASSED] - Object 'Object Repository/Global_Header/Button_BurgerMenu' is visible

2024-09-16 22:48:26 - [TEST_STEP][PASSED] - verifyElementClickable(findTestObject("Global_Header/Button_BurgerMenu")): Object 'Object Repository/Global_Header/Button_BurgerMenu' is clickable

2024-09-16 22:48:26 - [MESSAGE][PASSED] - Object 'Object Repository/Global_Header/Button_BurgerMenu' is clickable

2024-09-16 22:48:26 - [TEST_STEP][PASSED] - verifyElementVisible(findTestObject("Checkout_Overview_Page/Label_CheckoutOverview")): Object 'Object Repository/Checkout_Overview_Page/Label_CheckoutOverview' is visible

2024-09-16 22:48:27 - [MESSAGE][PASSED] - Object 'Object Repository/Checkout_Overview_Page/Label_CheckoutOverview' is visible

2024-09-16 22:48:27 - [TEST_STEP][PASSED] - takeScreenshot(): Taking screenshot successfully

2024-09-16 22:48:27 - [MESSAGE][PASSED] - Taking screenshot successfully
[[ATTACHMENT|C:\\Users\\muhra\\git\\ProjectSauceDemo\\Reports\\20240916_224708\\E2E\\Checkout_E2E\\20240916_224709\\1726501707433.png]]

2024-09-16 22:48:27 - [TEST_STEP][PASSED] - product.verifyproduct.verifyProductPrice(): product.verifyproduct.verifyProductPrice is PASSED

2024-09-16 22:48:27 - [MESSAGE][PASSED] - Text of object 'Object Repository/Global_Header/Label_ProductCountCART' is: '3'

2024-09-16 22:48:28 - [MESSAGE][PASSED] - Text of object 'Object Repository/Checkout_Overview_Page/Label_ProductPrice' is: '$29.99'

2024-09-16 22:48:28 - [MESSAGE][INFO] - Harga pada Item Total: 29.99

2024-09-16 22:48:28 - [MESSAGE][PASSED] - Text of object 'Object Repository/Checkout_Overview_Page/Label_ProductPrice' is: '$9.99'

2024-09-16 22:48:28 - [MESSAGE][INFO] - Harga pada Item Total: 39.98

2024-09-16 22:48:29 - [MESSAGE][PASSED] - Text of object 'Object Repository/Checkout_Overview_Page/Label_ProductPrice' is: '$15.99'

2024-09-16 22:48:29 - [MESSAGE][INFO] - Harga pada Item Total: 55.97

2024-09-16 22:48:29 - [MESSAGE][PASSED] - Text of object 'Object Repository/Checkout_Overview_Page/Label_SubTotalProductPrice' is: 'Item total: $55.97'

2024-09-16 22:48:29 - [MESSAGE][INFO] - Perhitungan sudah sesuai Sub total pada web: 55.97 Sub total perhitungan: 55.97

2024-09-16 22:48:29 - [MESSAGE][PASSED] - Text of object 'Object Repository/Checkout_Overview_Page/Label_TaxProductPrice' is: 'Tax: $4.48'

2024-09-16 22:48:29 - [MESSAGE][INFO] - Perhitungan Tax sudah sesuai: 4.48

2024-09-16 22:48:30 - [MESSAGE][PASSED] - Text of object 'Object Repository/Checkout_Overview_Page/Label_FinalTotalProductPrice' is: 'Total: $60.45'

2024-09-16 22:48:30 - [MESSAGE][INFO] - Final total sudah sesuai: 60.45

2024-09-16 22:48:30 - [MESSAGE][PASSED] - product.verifyproduct.verifyProductPrice is PASSED

2024-09-16 22:48:30 - [TEST_STEP][PASSED] - product.verifyproduct.verifyProductCountCart(): product.verifyproduct.verifyProductCountCart is PASSED

2024-09-16 22:48:30 - [MESSAGE][PASSED] - Text of object 'Object Repository/Global_Header/Label_ProductCountCART' is: '3'

2024-09-16 22:48:31 - [MESSAGE][PASSED] - Text of object 'Object Repository/Cart_Page/Label_ProductInCart' is: 'Sauce Labs Backpack'

2024-09-16 22:48:31 - [MESSAGE][INFO] - nama produk: Sauce Labs Backpackjumlah produk: 3

2024-09-16 22:48:31 - [MESSAGE][PASSED] - Text of object 'Object Repository/Cart_Page/Label_ProductInCart' is: 'Sauce Labs Bike Light'

2024-09-16 22:48:31 - [MESSAGE][INFO] - nama produk: Sauce Labs Bike Lightjumlah produk: 3

2024-09-16 22:48:31 - [MESSAGE][PASSED] - Text of object 'Object Repository/Cart_Page/Label_ProductInCart' is: 'Sauce Labs Bolt T-Shirt'

2024-09-16 22:48:31 - [MESSAGE][INFO] - nama produk: Sauce Labs Bolt T-Shirtjumlah produk: 3

2024-09-16 22:48:31 - [MESSAGE][INFO] - Product Quantity Match3

2024-09-16 22:48:31 - [MESSAGE][PASSED] - product.verifyproduct.verifyProductCountCart is PASSED

2024-09-16 22:48:31 - [TEST_STEP][PASSED] - scrollToElement(findTestObject("Checkout_Overview_Page/Label_SubTotalProductPrice"), 0): Scroll to object 'Object Repository/Checkout_Overview_Page/Label_SubTotalProductPrice' successfully

2024-09-16 22:48:31 - [MESSAGE][WARNING] - Timeout '0' is invalid. Using default page load timeout: '30'

2024-09-16 22:48:32 - [MESSAGE][PASSED] - Scroll to object 'Object Repository/Checkout_Overview_Page/Label_SubTotalProductPrice' successfully

2024-09-16 22:48:32 - [TEST_STEP][PASSED] - takeScreenshot(): Taking screenshot successfully

2024-09-16 22:48:32 - [MESSAGE][PASSED] - Taking screenshot successfully
[[ATTACHMENT|C:\\Users\\muhra\\git\\ProjectSauceDemo\\Reports\\20240916_224708\\E2E\\Checkout_E2E\\20240916_224709\\1726501712466.png]]

2024-09-16 22:48:32 - [TEST_STEP][PASSED] - verifyElementVisible(findTestObject("Checkout_Overview_Page/Label_SubTotalProductPrice")): Object 'Object Repository/Checkout_Overview_Page/Label_SubTotalProductPrice' is visible

2024-09-16 22:48:33 - [MESSAGE][PASSED] - Object 'Object Repository/Checkout_Overview_Page/Label_SubTotalProductPrice' is visible

2024-09-16 22:48:33 - [TEST_STEP][PASSED] - verifyElementVisible(findTestObject("Checkout_Overview_Page/Label_TaxProductPrice")): Object 'Object Repository/Checkout_Overview_Page/Label_TaxProductPrice' is visible

2024-09-16 22:48:33 - [MESSAGE][PASSED] - Object 'Object Repository/Checkout_Overview_Page/Label_TaxProductPrice' is visible

2024-09-16 22:48:33 - [TEST_STEP][PASSED] - verifyElementVisible(findTestObject("Checkout_Overview_Page/Label_FinalTotalProductPrice")): Object 'Object Repository/Checkout_Overview_Page/Label_FinalTotalProductPrice' is visible

2024-09-16 22:48:33 - [MESSAGE][PASSED] - Object 'Object Repository/Checkout_Overview_Page/Label_FinalTotalProductPrice' is visible

2024-09-16 22:48:33 - [TEST_STEP][PASSED] - verifyElementVisible(findTestObject("Checkout_Overview_Page/Button_Finish")): Object 'Object Repository/Checkout_Overview_Page/Button_Finish' is visible

2024-09-16 22:48:34 - [MESSAGE][PASSED] - Object 'Object Repository/Checkout_Overview_Page/Button_Finish' is visible

2024-09-16 22:48:34 - [TEST_STEP][PASSED] - verifyElementClickable(findTestObject("Checkout_Overview_Page/Button_Finish")): Object 'Object Repository/Checkout_Overview_Page/Button_Finish' is clickable

2024-09-16 22:48:34 - [MESSAGE][PASSED] - Object 'Object Repository/Checkout_Overview_Page/Button_Finish' is clickable

2024-09-16 22:48:34 - [TEST_STEP][PASSED] - click(findTestObject("Checkout_Overview_Page/Button_Finish")): Object: 'Object Repository/Checkout_Overview_Page/Button_Finish' is clicked on

2024-09-16 22:48:35 - [MESSAGE][PASSED] - Object: 'Object Repository/Checkout_Overview_Page/Button_Finish' is clicked on

2024-09-16 22:48:37 - [TEST_STEP][PASSED] - Video: Video recording for test case 'Test Cases/Checkout_Overview_Page/Positive_Case/Checkout_Product' .

2024-09-16 22:48:37 - [MESSAGE][INFO] - Video recording for test case 'Test Cases/Checkout_Overview_Page/Positive_Case/Checkout_Product' .]]></system-out>
         <system-err><![CDATA[]]></system-err>
      </testcase>
      <testcase name="Test Cases/Checkout_Complete_Page/Positive_Case/Checkout_Complete" time="7.215" classname="Test Cases/Checkout_Complete_Page/Positive_Case/Checkout_Complete" status="PASSED">
         <system-out><![CDATA[2024-09-16 22:48:37 - [TEST_CASE][PASSED] - Test Cases/Checkout_Complete_Page/Positive_Case/Checkout_Complete: Test Cases/Checkout_Complete_Page/Positive_Case/Checkout_Complete

2024-09-16 22:48:37 - [TEST_STEP][PASSED] - verifyElementVisible(findTestObject("Global_Header/Label_Title")): Object 'Object Repository/Global_Header/Label_Title' is visible

2024-09-16 22:48:38 - [MESSAGE][PASSED] - Object 'Object Repository/Global_Header/Label_Title' is visible

2024-09-16 22:48:38 - [TEST_STEP][PASSED] - verifyElementVisible(findTestObject("Global_Header/Button_Cart")): Object 'Object Repository/Global_Header/Button_Cart' is visible

2024-09-16 22:48:38 - [MESSAGE][PASSED] - Object 'Object Repository/Global_Header/Button_Cart' is visible

2024-09-16 22:48:38 - [TEST_STEP][PASSED] - verifyElementClickable(findTestObject("Global_Header/Button_Cart")): Object 'Object Repository/Global_Header/Button_Cart' is clickable

2024-09-16 22:48:38 - [MESSAGE][PASSED] - Object 'Object Repository/Global_Header/Button_Cart' is clickable

2024-09-16 22:48:38 - [TEST_STEP][PASSED] - verifyElementVisible(findTestObject("Global_Header/Button_BurgerMenu")): Object 'Object Repository/Global_Header/Button_BurgerMenu' is visible

2024-09-16 22:48:39 - [MESSAGE][PASSED] - Object 'Object Repository/Global_Header/Button_BurgerMenu' is visible

2024-09-16 22:48:39 - [TEST_STEP][PASSED] - verifyElementClickable(findTestObject("Global_Header/Button_BurgerMenu")): Object 'Object Repository/Global_Header/Button_BurgerMenu' is clickable

2024-09-16 22:48:39 - [MESSAGE][PASSED] - Object 'Object Repository/Global_Header/Button_BurgerMenu' is clickable

2024-09-16 22:48:39 - [TEST_STEP][PASSED] - verifyElementVisible(findTestObject("Checkout_Complete_Page/Label_CheckoutComplete")): Object 'Object Repository/Checkout_Complete_Page/Label_CheckoutComplete' is visible

2024-09-16 22:48:39 - [MESSAGE][PASSED] - Object 'Object Repository/Checkout_Complete_Page/Label_CheckoutComplete' is visible

2024-09-16 22:48:39 - [TEST_STEP][PASSED] - verifyElementVisible(findTestObject("Checkout_Complete_Page/Image_CheckoutSuccess")): Object 'Object Repository/Checkout_Complete_Page/Image_CheckoutSuccess' is visible

2024-09-16 22:48:40 - [MESSAGE][PASSED] - Object 'Object Repository/Checkout_Complete_Page/Image_CheckoutSuccess' is visible

2024-09-16 22:48:40 - [TEST_STEP][PASSED] - verifyElementVisible(findTestObject("Checkout_Complete_Page/Label_Thankyou")): Object 'Object Repository/Checkout_Complete_Page/Label_Thankyou' is visible

2024-09-16 22:48:40 - [MESSAGE][PASSED] - Object 'Object Repository/Checkout_Complete_Page/Label_Thankyou' is visible

2024-09-16 22:48:40 - [TEST_STEP][PASSED] - verifyElementVisible(findTestObject("Checkout_Complete_Page/Label_YourOrderDispatched")): Object 'Object Repository/Checkout_Complete_Page/Label_YourOrderDispatched' is visible

2024-09-16 22:48:40 - [MESSAGE][PASSED] - Object 'Object Repository/Checkout_Complete_Page/Label_YourOrderDispatched' is visible

2024-09-16 22:48:40 - [TEST_STEP][PASSED] - verifyElementVisible(findTestObject("Checkout_Complete_Page/Button_BackHome")): Object 'Object Repository/Checkout_Complete_Page/Button_BackHome' is visible

2024-09-16 22:48:41 - [MESSAGE][PASSED] - Object 'Object Repository/Checkout_Complete_Page/Button_BackHome' is visible

2024-09-16 22:48:41 - [TEST_STEP][PASSED] - verifyElementClickable(findTestObject("Checkout_Complete_Page/Button_BackHome")): Object 'Object Repository/Checkout_Complete_Page/Button_BackHome' is clickable

2024-09-16 22:48:41 - [MESSAGE][PASSED] - Object 'Object Repository/Checkout_Complete_Page/Button_BackHome' is clickable

2024-09-16 22:48:41 - [TEST_STEP][PASSED] - click(findTestObject("Checkout_Complete_Page/Button_BackHome")): Object: 'Object Repository/Checkout_Complete_Page/Button_BackHome' is clicked on

2024-09-16 22:48:41 - [MESSAGE][PASSED] - Object: 'Object Repository/Checkout_Complete_Page/Button_BackHome' is clicked on

2024-09-16 22:48:41 - [TEST_STEP][PASSED] - verifyElementVisible(findTestObject("Product_Page/Label_TitleProducts")): Object 'Object Repository/Product_Page/Label_TitleProducts' is visible

2024-09-16 22:48:42 - [MESSAGE][PASSED] - Object 'Object Repository/Product_Page/Label_TitleProducts' is visible

2024-09-16 22:48:44 - [TEST_STEP][PASSED] - Video: Video recording for test case 'Test Cases/Checkout_Complete_Page/Positive_Case/Checkout_Complete' .

2024-09-16 22:48:44 - [MESSAGE][INFO] - Video recording for test case 'Test Cases/Checkout_Complete_Page/Positive_Case/Checkout_Complete' .]]></system-out>
         <system-err><![CDATA[]]></system-err>
      </testcase>
      <system-out><![CDATA[2024-09-16 22:47:23 - [TEST_SUITE][PASSED] - Checkout_E2E: Test Cases/Checkout_Complete_Page/Positive_Case/Checkout_Complete]]></system-out>
      <system-err><![CDATA[]]></system-err>
   </testsuite>
</testsuites>
